<?xml version="1.0" encoding="UTF-8"?>
<testng-results ignored="0" total="1" passed="1" failed="0" skipped="0">
  <reporter-output>
  </reporter-output>
  <suite started-at="2021-11-18T05:45:02Z" name="Testing Google page" finished-at="2021-11-18T05:45:13Z" duration-ms="11627">
    <groups>
    </groups>
    <test started-at="2021-11-18T05:45:02Z" name="Regression" finished-at="2021-11-18T05:45:13Z" duration-ms="11627">
      <class name="com.google.testbase.NewTest">
        <test-method is-config="true" signature="beforeMethod()[pri:0, instance:com.google.testbase.NewTest@5e0826e7]" started-at="2021-11-18T05:45:02Z" name="beforeMethod" finished-at="2021-11-18T05:45:09Z" duration-ms="7367" status="PASS">
          <reporter-output>
          </reporter-output>
        </test-method> <!-- beforeMethod -->
        <test-method signature="OpenTest()[pri:0, instance:com.google.testbase.NewTest@5e0826e7]" started-at="2021-11-18T05:45:09Z" name="OpenTest" finished-at="2021-11-18T05:45:12Z" duration-ms="2435" status="PASS">
          <reporter-output>
          </reporter-output>
        </test-method> <!-- OpenTest -->
        <test-method is-config="true" signature="afterMethod()[pri:0, instance:com.google.testbase.NewTest@5e0826e7]" started-at="2021-11-18T05:45:12Z" name="afterMethod" finished-at="2021-11-18T05:45:13Z" duration-ms="1773" status="PASS">
          <reporter-output>
          </reporter-output>
        </test-method> <!-- afterMethod -->
      </class> <!-- com.google.testbase.NewTest -->
    </test> <!-- Regression -->
  </suite> <!-- Testing Google page -->
</testng-results>
