<?xml version="1.0" encoding="UTF-8"?>
<testng-results ignored="0" total="1" passed="1" failed="0" skipped="0">
  <reporter-output>
  </reporter-output>
  <suite started-at="2021-11-17T08:02:15Z" name="Testing Google page" finished-at="2021-11-17T08:02:23Z" duration-ms="7514">
    <groups>
    </groups>
    <test started-at="2021-11-17T08:02:15Z" name="Regression" finished-at="2021-11-17T08:02:23Z" duration-ms="7514">
      <class name="com.google.testbase.NewTest">
        <test-method is-config="true" signature="beforeMethod()[pri:0, instance:com.google.testbase.NewTest@37271612]" started-at="2021-11-17T08:02:15Z" name="beforeMethod" finished-at="2021-11-17T08:02:20Z" duration-ms="4743" status="PASS">
          <reporter-output>
          </reporter-output>
        </test-method> <!-- beforeMethod -->
        <test-method signature="OpenTest()[pri:0, instance:com.google.testbase.NewTest@37271612]" started-at="2021-11-17T08:02:20Z" name="OpenTest" finished-at="2021-11-17T08:02:22Z" duration-ms="1902" status="PASS">
          <reporter-output>
          </reporter-output>
        </test-method> <!-- OpenTest -->
        <test-method is-config="true" signature="afterMethod()[pri:0, instance:com.google.testbase.NewTest@37271612]" started-at="2021-11-17T08:02:22Z" name="afterMethod" finished-at="2021-11-17T08:02:23Z" duration-ms="822" status="PASS">
          <reporter-output>
          </reporter-output>
        </test-method> <!-- afterMethod -->
      </class> <!-- com.google.testbase.NewTest -->
    </test> <!-- Regression -->
  </suite> <!-- Testing Google page -->
</testng-results>
